23:41:56 **** Incremental Build of configuration Debug for project Uart_Echo ****
make all 
Building file: ../Source/main.c
Invoking: Cross ARM GNU C Compiler
arm-none-eabi-gcc -mcpu=cortex-m3 -mthumb -O0 -fmessage-length=0 -fsigned-char -ffunction-sections -fdata-sections  -g3 -DUSE_STDPERIPH_DRIVER -I"C:\Users\V_PREETHAM_KASHYAP\workspace\Uart_Echo\Libraries\CMSIS\Include" -I"C:\Users\V_PREETHAM_KASHYAP\workspace\Uart_Echo\Libraries\CMSIS\Device\ST\STM32F4xx\Include" -I"C:\Users\V_PREETHAM_KASHYAP\workspace\Uart_Echo\Libraries\STM32F4xx_StdPeriph_Driver\inc" -include"C:\Users\V_PREETHAM_KASHYAP\workspace\Uart_Echo\stm32f4xx_conf.h" -std=gnu11 -MMD -MP -MF"Source/main.d" -MT"Source/main.o" -c -o "Source/main.o" "../Source/main.c"
Finished building: ../Source/main.c
 
Building file: ../Source/stm32f4xx_it.c
Invoking: Cross ARM GNU C Compiler
arm-none-eabi-gcc -mcpu=cortex-m3 -mthumb -O0 -fmessage-length=0 -fsigned-char -ffunction-sections -fdata-sections  -g3 -DUSE_STDPERIPH_DRIVER -I"C:\Users\V_PREETHAM_KASHYAP\workspace\Uart_Echo\Libraries\CMSIS\Include" -I"C:\Users\V_PREETHAM_KASHYAP\workspace\Uart_Echo\Libraries\CMSIS\Device\ST\STM32F4xx\Include" -I"C:\Users\V_PREETHAM_KASHYAP\workspace\Uart_Echo\Libraries\STM32F4xx_StdPeriph_Driver\inc" -include"C:\Users\V_PREETHAM_KASHYAP\workspace\Uart_Echo\stm32f4xx_conf.h" -std=gnu11 -MMD -MP -MF"Source/stm32f4xx_it.d" -MT"Source/stm32f4xx_it.o" -c -o "Source/stm32f4xx_it.o" "../Source/stm32f4xx_it.c"
Finished building: ../Source/stm32f4xx_it.c
 
Building file: ../Libraries/STM32F4xx_StdPeriph_Driver/src/misc.c
Invoking: Cross ARM GNU C Compiler
arm-none-eabi-gcc -mcpu=cortex-m3 -mthumb -O0 -fmessage-length=0 -fsigned-char -ffunction-sections -fdata-sections  -g3 -DUSE_STDPERIPH_DRIVER -I"C:\Users\V_PREETHAM_KASHYAP\workspace\Uart_Echo\Libraries\CMSIS\Include" -I"C:\Users\V_PREETHAM_KASHYAP\workspace\Uart_Echo\Libraries\CMSIS\Device\ST\STM32F4xx\Include" -I"C:\Users\V_PREETHAM_KASHYAP\workspace\Uart_Echo\Libraries\STM32F4xx_StdPeriph_Driver\inc" -include"C:\Users\V_PREETHAM_KASHYAP\workspace\Uart_Echo\stm32f4xx_conf.h" -std=gnu11 -MMD -MP -MF"Libraries/STM32F4xx_StdPeriph_Driver/src/misc.d" -MT"Libraries/STM32F4xx_StdPeriph_Driver/src/misc.o" -c -o "Libraries/STM32F4xx_StdPeriph_Driver/src/misc.o" "../Libraries/STM32F4xx_StdPeriph_Driver/src/misc.c"
Finished building: ../Libraries/STM32F4xx_StdPeriph_Driver/src/misc.c
 
Building file: ../Libraries/STM32F4xx_StdPeriph_Driver/src/stm32f4xx_adc.c
Invoking: Cross ARM GNU C Compiler
arm-none-eabi-gcc -mcpu=cortex-m3 -mthumb -O0 -fmessage-length=0 -fsigned-char -ffunction-sections -fdata-sections  -g3 -DUSE_STDPERIPH_DRIVER -I"C:\Users\V_PREETHAM_KASHYAP\workspace\Uart_Echo\Libraries\CMSIS\Include" -I"C:\Users\V_PREETHAM_KASHYAP\workspace\Uart_Echo\Libraries\CMSIS\Device\ST\STM32F4xx\Include" -I"C:\Users\V_PREETHAM_KASHYAP\workspace\Uart_Echo\Libraries\STM32F4xx_StdPeriph_Driver\inc" -include"C:\Users\V_PREETHAM_KASHYAP\workspace\Uart_Echo\stm32f4xx_conf.h" -std=gnu11 -MMD -MP -MF"Libraries/STM32F4xx_StdPeriph_Driver/src/stm32f4xx_adc.d" -MT"Libraries/STM32F4xx_StdPeriph_Driver/src/stm32f4xx_adc.o" -c -o "Libraries/STM32F4xx_StdPeriph_Driver/src/stm32f4xx_adc.o" "../Libraries/STM32F4xx_StdPeriph_Driver/src/stm32f4xx_adc.c"
Finished building: ../Libraries/STM32F4xx_StdPeriph_Driver/src/stm32f4xx_adc.c
 
Building file: ../Libraries/STM32F4xx_StdPeriph_Driver/src/stm32f4xx_can.c
Invoking: Cross ARM GNU C Compiler
arm-none-eabi-gcc -mcpu=cortex-m3 -mthumb -O0 -fmessage-length=0 -fsigned-char -ffunction-sections -fdata-sections  -g3 -DUSE_STDPERIPH_DRIVER -I"C:\Users\V_PREETHAM_KASHYAP\workspace\Uart_Echo\Libraries\CMSIS\Include" -I"C:\Users\V_PREETHAM_KASHYAP\workspace\Uart_Echo\Libraries\CMSIS\Device\ST\STM32F4xx\Include" -I"C:\Users\V_PREETHAM_KASHYAP\workspace\Uart_Echo\Libraries\STM32F4xx_StdPeriph_Driver\inc" -include"C:\Users\V_PREETHAM_KASHYAP\workspace\Uart_Echo\stm32f4xx_conf.h" -std=gnu11 -MMD -MP -MF"Libraries/STM32F4xx_StdPeriph_Driver/src/stm32f4xx_can.d" -MT"Libraries/STM32F4xx_StdPeriph_Driver/src/stm32f4xx_can.o" -c -o "Libraries/STM32F4xx_StdPeriph_Driver/src/stm32f4xx_can.o" "../Libraries/STM32F4xx_StdPeriph_Driver/src/stm32f4xx_can.c"
Finished building: ../Libraries/STM32F4xx_StdPeriph_Driver/src/stm32f4xx_can.c
 
Building file: ../Libraries/STM32F4xx_StdPeriph_Driver/src/stm32f4xx_cec.c
Invoking: Cross ARM GNU C Compiler
arm-none-eabi-gcc -mcpu=cortex-m3 -mthumb -O0 -fmessage-length=0 -fsigned-char -ffunction-sections -fdata-sections  -g3 -DUSE_STDPERIPH_DRIVER -I"C:\Users\V_PREETHAM_KASHYAP\workspace\Uart_Echo\Libraries\CMSIS\Include" -I"C:\Users\V_PREETHAM_KASHYAP\workspace\Uart_Echo\Libraries\CMSIS\Device\ST\STM32F4xx\Include" -I"C:\Users\V_PREETHAM_KASHYAP\workspace\Uart_Echo\Libraries\STM32F4xx_StdPeriph_Driver\inc" -include"C:\Users\V_PREETHAM_KASHYAP\workspace\Uart_Echo\stm32f4xx_conf.h" -std=gnu11 -MMD -MP -MF"Libraries/STM32F4xx_StdPeriph_Driver/src/stm32f4xx_cec.d" -MT"Libraries/STM32F4xx_StdPeriph_Driver/src/stm32f4xx_cec.o" -c -o "Libraries/STM32F4xx_StdPeriph_Driver/src/stm32f4xx_cec.o" "../Libraries/STM32F4xx_StdPeriph_Driver/src/stm32f4xx_cec.c"
Finished building: ../Libraries/STM32F4xx_StdPeriph_Driver/src/stm32f4xx_cec.c
 
Building file: ../Libraries/STM32F4xx_StdPeriph_Driver/src/stm32f4xx_crc.c
Invoking: Cross ARM GNU C Compiler
arm-none-eabi-gcc -mcpu=cortex-m3 -mthumb -O0 -fmessage-length=0 -fsigned-char -ffunction-sections -fdata-sections  -g3 -DUSE_STDPERIPH_DRIVER -I"C:\Users\V_PREETHAM_KASHYAP\workspace\Uart_Echo\Libraries\CMSIS\Include" -I"C:\Users\V_PREETHAM_KASHYAP\workspace\Uart_Echo\Libraries\CMSIS\Device\ST\STM32F4xx\Include" -I"C:\Users\V_PREETHAM_KASHYAP\workspace\Uart_Echo\Libraries\STM32F4xx_StdPeriph_Driver\inc" -include"C:\Users\V_PREETHAM_KASHYAP\workspace\Uart_Echo\stm32f4xx_conf.h" -std=gnu11 -MMD -MP -MF"Libraries/STM32F4xx_StdPeriph_Driver/src/stm32f4xx_crc.d" -MT"Libraries/STM32F4xx_StdPeriph_Driver/src/stm32f4xx_crc.o" -c -o "Libraries/STM32F4xx_StdPeriph_Driver/src/stm32f4xx_crc.o" "../Libraries/STM32F4xx_StdPeriph_Driver/src/stm32f4xx_crc.c"
Finished building: ../Libraries/STM32F4xx_StdPeriph_Driver/src/stm32f4xx_crc.c
 
Building file: ../Libraries/STM32F4xx_StdPeriph_Driver/src/stm32f4xx_cryp.c
Invoking: Cross ARM GNU C Compiler
arm-none-eabi-gcc -mcpu=cortex-m3 -mthumb -O0 -fmessage-length=0 -fsigned-char -ffunction-sections -fdata-sections  -g3 -DUSE_STDPERIPH_DRIVER -I"C:\Users\V_PREETHAM_KASHYAP\workspace\Uart_Echo\Libraries\CMSIS\Include" -I"C:\Users\V_PREETHAM_KASHYAP\workspace\Uart_Echo\Libraries\CMSIS\Device\ST\STM32F4xx\Include" -I"C:\Users\V_PREETHAM_KASHYAP\workspace\Uart_Echo\Libraries\STM32F4xx_StdPeriph_Driver\inc" -include"C:\Users\V_PREETHAM_KASHYAP\workspace\Uart_Echo\stm32f4xx_conf.h" -std=gnu11 -MMD -MP -MF"Libraries/STM32F4xx_StdPeriph_Driver/src/stm32f4xx_cryp.d" -MT"Libraries/STM32F4xx_StdPeriph_Driver/src/stm32f4xx_cryp.o" -c -o "Libraries/STM32F4xx_StdPeriph_Driver/src/stm32f4xx_cryp.o" "../Libraries/STM32F4xx_StdPeriph_Driver/src/stm32f4xx_cryp.c"
Finished building: ../Libraries/STM32F4xx_StdPeriph_Driver/src/stm32f4xx_cryp.c
 
Building file: ../Libraries/STM32F4xx_StdPeriph_Driver/src/stm32f4xx_cryp_aes.c
Invoking: Cross ARM GNU C Compiler
arm-none-eabi-gcc -mcpu=cortex-m3 -mthumb -O0 -fmessage-length=0 -fsigned-char -ffunction-sections -fdata-sections  -g3 -DUSE_STDPERIPH_DRIVER -I"C:\Users\V_PREETHAM_KASHYAP\workspace\Uart_Echo\Libraries\CMSIS\Include" -I"C:\Users\V_PREETHAM_KASHYAP\workspace\Uart_Echo\Libraries\CMSIS\Device\ST\STM32F4xx\Include" -I"C:\Users\V_PREETHAM_KASHYAP\workspace\Uart_Echo\Libraries\STM32F4xx_StdPeriph_Driver\inc" -include"C:\Users\V_PREETHAM_KASHYAP\workspace\Uart_Echo\stm32f4xx_conf.h" -std=gnu11 -MMD -MP -MF"Libraries/STM32F4xx_StdPeriph_Driver/src/stm32f4xx_cryp_aes.d" -MT"Libraries/STM32F4xx_StdPeriph_Driver/src/stm32f4xx_cryp_aes.o" -c -o "Libraries/STM32F4xx_StdPeriph_Driver/src/stm32f4xx_cryp_aes.o" "../Libraries/STM32F4xx_StdPeriph_Driver/src/stm32f4xx_cryp_aes.c"
Finished building: ../Libraries/STM32F4xx_StdPeriph_Driver/src/stm32f4xx_cryp_aes.c
 
Building file: ../Libraries/STM32F4xx_StdPeriph_Driver/src/stm32f4xx_cryp_des.c
Invoking: Cross ARM GNU C Compiler
arm-none-eabi-gcc -mcpu=cortex-m3 -mthumb -O0 -fmessage-length=0 -fsigned-char -ffunction-sections -fdata-sections  -g3 -DUSE_STDPERIPH_DRIVER -I"C:\Users\V_PREETHAM_KASHYAP\workspace\Uart_Echo\Libraries\CMSIS\Include" -I"C:\Users\V_PREETHAM_KASHYAP\workspace\Uart_Echo\Libraries\CMSIS\Device\ST\STM32F4xx\Include" -I"C:\Users\V_PREETHAM_KASHYAP\workspace\Uart_Echo\Libraries\STM32F4xx_StdPeriph_Driver\inc" -include"C:\Users\V_PREETHAM_KASHYAP\workspace\Uart_Echo\stm32f4xx_conf.h" -std=gnu11 -MMD -MP -MF"Libraries/STM32F4xx_StdPeriph_Driver/src/stm32f4xx_cryp_des.d" -MT"Libraries/STM32F4xx_StdPeriph_Driver/src/stm32f4xx_cryp_des.o" -c -o "Libraries/STM32F4xx_StdPeriph_Driver/src/stm32f4xx_cryp_des.o" "../Libraries/STM32F4xx_StdPeriph_Driver/src/stm32f4xx_cryp_des.c"
Finished building: ../Libraries/STM32F4xx_StdPeriph_Driver/src/stm32f4xx_cryp_des.c
 
Building file: ../Libraries/STM32F4xx_StdPeriph_Driver/src/stm32f4xx_cryp_tdes.c
Invoking: Cross ARM GNU C Compiler
arm-none-eabi-gcc -mcpu=cortex-m3 -mthumb -O0 -fmessage-length=0 -fsigned-char -ffunction-sections -fdata-sections  -g3 -DUSE_STDPERIPH_DRIVER -I"C:\Users\V_PREETHAM_KASHYAP\workspace\Uart_Echo\Libraries\CMSIS\Include" -I"C:\Users\V_PREETHAM_KASHYAP\workspace\Uart_Echo\Libraries\CMSIS\Device\ST\STM32F4xx\Include" -I"C:\Users\V_PREETHAM_KASHYAP\workspace\Uart_Echo\Libraries\STM32F4xx_StdPeriph_Driver\inc" -include"C:\Users\V_PREETHAM_KASHYAP\workspace\Uart_Echo\stm32f4xx_conf.h" -std=gnu11 -MMD -MP -MF"Libraries/STM32F4xx_StdPeriph_Driver/src/stm32f4xx_cryp_tdes.d" -MT"Libraries/STM32F4xx_StdPeriph_Driver/src/stm32f4xx_cryp_tdes.o" -c -o "Libraries/STM32F4xx_StdPeriph_Driver/src/stm32f4xx_cryp_tdes.o" "../Libraries/STM32F4xx_StdPeriph_Driver/src/stm32f4xx_cryp_tdes.c"
Finished building: ../Libraries/STM32F4xx_StdPeriph_Driver/src/stm32f4xx_cryp_tdes.c
 
Building file: ../Libraries/STM32F4xx_StdPeriph_Driver/src/stm32f4xx_dac.c
Invoking: Cross ARM GNU C Compiler
arm-none-eabi-gcc -mcpu=cortex-m3 -mthumb -O0 -fmessage-length=0 -fsigned-char -ffunction-sections -fdata-sections  -g3 -DUSE_STDPERIPH_DRIVER -I"C:\Users\V_PREETHAM_KASHYAP\workspace\Uart_Echo\Libraries\CMSIS\Include" -I"C:\Users\V_PREETHAM_KASHYAP\workspace\Uart_Echo\Libraries\CMSIS\Device\ST\STM32F4xx\Include" -I"C:\Users\V_PREETHAM_KASHYAP\workspace\Uart_Echo\Libraries\STM32F4xx_StdPeriph_Driver\inc" -include"C:\Users\V_PREETHAM_KASHYAP\workspace\Uart_Echo\stm32f4xx_conf.h" -std=gnu11 -MMD -MP -MF"Libraries/STM32F4xx_StdPeriph_Driver/src/stm32f4xx_dac.d" -MT"Libraries/STM32F4xx_StdPeriph_Driver/src/stm32f4xx_dac.o" -c -o "Libraries/STM32F4xx_StdPeriph_Driver/src/stm32f4xx_dac.o" "../Libraries/STM32F4xx_StdPeriph_Driver/src/stm32f4xx_dac.c"
Finished building: ../Libraries/STM32F4xx_StdPeriph_Driver/src/stm32f4xx_dac.c
 
Building file: ../Libraries/STM32F4xx_StdPeriph_Driver/src/stm32f4xx_dbgmcu.c
Invoking: Cross ARM GNU C Compiler
arm-none-eabi-gcc -mcpu=cortex-m3 -mthumb -O0 -fmessage-length=0 -fsigned-char -ffunction-sections -fdata-sections  -g3 -DUSE_STDPERIPH_DRIVER -I"C:\Users\V_PREETHAM_KASHYAP\workspace\Uart_Echo\Libraries\CMSIS\Include" -I"C:\Users\V_PREETHAM_KASHYAP\workspace\Uart_Echo\Libraries\CMSIS\Device\ST\STM32F4xx\Include" -I"C:\Users\V_PREETHAM_KASHYAP\workspace\Uart_Echo\Libraries\STM32F4xx_StdPeriph_Driver\inc" -include"C:\Users\V_PREETHAM_KASHYAP\workspace\Uart_Echo\stm32f4xx_conf.h" -std=gnu11 -MMD -MP -MF"Libraries/STM32F4xx_StdPeriph_Driver/src/stm32f4xx_dbgmcu.d" -MT"Libraries/STM32F4xx_StdPeriph_Driver/src/stm32f4xx_dbgmcu.o" -c -o "Libraries/STM32F4xx_StdPeriph_Driver/src/stm32f4xx_dbgmcu.o" "../Libraries/STM32F4xx_StdPeriph_Driver/src/stm32f4xx_dbgmcu.c"
Finished building: ../Libraries/STM32F4xx_StdPeriph_Driver/src/stm32f4xx_dbgmcu.c
 
Building file: ../Libraries/STM32F4xx_StdPeriph_Driver/src/stm32f4xx_dcmi.c
Invoking: Cross ARM GNU C Compiler
arm-none-eabi-gcc -mcpu=cortex-m3 -mthumb -O0 -fmessage-length=0 -fsigned-char -ffunction-sections -fdata-sections  -g3 -DUSE_STDPERIPH_DRIVER -I"C:\Users\V_PREETHAM_KASHYAP\workspace\Uart_Echo\Libraries\CMSIS\Include" -I"C:\Users\V_PREETHAM_KASHYAP\workspace\Uart_Echo\Libraries\CMSIS\Device\ST\STM32F4xx\Include" -I"C:\Users\V_PREETHAM_KASHYAP\workspace\Uart_Echo\Libraries\STM32F4xx_StdPeriph_Driver\inc" -include"C:\Users\V_PREETHAM_KASHYAP\workspace\Uart_Echo\stm32f4xx_conf.h" -std=gnu11 -MMD -MP -MF"Libraries/STM32F4xx_StdPeriph_Driver/src/stm32f4xx_dcmi.d" -MT"Libraries/STM32F4xx_StdPeriph_Driver/src/stm32f4xx_dcmi.o" -c -o "Libraries/STM32F4xx_StdPeriph_Driver/src/stm32f4xx_dcmi.o" "../Libraries/STM32F4xx_StdPeriph_Driver/src/stm32f4xx_dcmi.c"
Finished building: ../Libraries/STM32F4xx_StdPeriph_Driver/src/stm32f4xx_dcmi.c
 
Building file: ../Libraries/STM32F4xx_StdPeriph_Driver/src/stm32f4xx_dma.c
Invoking: Cross ARM GNU C Compiler
arm-none-eabi-gcc -mcpu=cortex-m3 -mthumb -O0 -fmessage-length=0 -fsigned-char -ffunction-sections -fdata-sections  -g3 -DUSE_STDPERIPH_DRIVER -I"C:\Users\V_PREETHAM_KASHYAP\workspace\Uart_Echo\Libraries\CMSIS\Include" -I"C:\Users\V_PREETHAM_KASHYAP\workspace\Uart_Echo\Libraries\CMSIS\Device\ST\STM32F4xx\Include" -I"C:\Users\V_PREETHAM_KASHYAP\workspace\Uart_Echo\Libraries\STM32F4xx_StdPeriph_Driver\inc" -include"C:\Users\V_PREETHAM_KASHYAP\workspace\Uart_Echo\stm32f4xx_conf.h" -std=gnu11 -MMD -MP -MF"Libraries/STM32F4xx_StdPeriph_Driver/src/stm32f4xx_dma.d" -MT"Libraries/STM32F4xx_StdPeriph_Driver/src/stm32f4xx_dma.o" -c -o "Libraries/STM32F4xx_StdPeriph_Driver/src/stm32f4xx_dma.o" "../Libraries/STM32F4xx_StdPeriph_Driver/src/stm32f4xx_dma.c"
Finished building: ../Libraries/STM32F4xx_StdPeriph_Driver/src/stm32f4xx_dma.c
 
Building file: ../Libraries/STM32F4xx_StdPeriph_Driver/src/stm32f4xx_dma2d.c
Invoking: Cross ARM GNU C Compiler
arm-none-eabi-gcc -mcpu=cortex-m3 -mthumb -O0 -fmessage-length=0 -fsigned-char -ffunction-sections -fdata-sections  -g3 -DUSE_STDPERIPH_DRIVER -I"C:\Users\V_PREETHAM_KASHYAP\workspace\Uart_Echo\Libraries\CMSIS\Include" -I"C:\Users\V_PREETHAM_KASHYAP\workspace\Uart_Echo\Libraries\CMSIS\Device\ST\STM32F4xx\Include" -I"C:\Users\V_PREETHAM_KASHYAP\workspace\Uart_Echo\Libraries\STM32F4xx_StdPeriph_Driver\inc" -include"C:\Users\V_PREETHAM_KASHYAP\workspace\Uart_Echo\stm32f4xx_conf.h" -std=gnu11 -MMD -MP -MF"Libraries/STM32F4xx_StdPeriph_Driver/src/stm32f4xx_dma2d.d" -MT"Libraries/STM32F4xx_StdPeriph_Driver/src/stm32f4xx_dma2d.o" -c -o "Libraries/STM32F4xx_StdPeriph_Driver/src/stm32f4xx_dma2d.o" "../Libraries/STM32F4xx_StdPeriph_Driver/src/stm32f4xx_dma2d.c"
Finished building: ../Libraries/STM32F4xx_StdPeriph_Driver/src/stm32f4xx_dma2d.c
 
Building file: ../Libraries/STM32F4xx_StdPeriph_Driver/src/stm32f4xx_dsi.c
Invoking: Cross ARM GNU C Compiler
arm-none-eabi-gcc -mcpu=cortex-m3 -mthumb -O0 -fmessage-length=0 -fsigned-char -ffunction-sections -fdata-sections  -g3 -DUSE_STDPERIPH_DRIVER -I"C:\Users\V_PREETHAM_KASHYAP\workspace\Uart_Echo\Libraries\CMSIS\Include" -I"C:\Users\V_PREETHAM_KASHYAP\workspace\Uart_Echo\Libraries\CMSIS\Device\ST\STM32F4xx\Include" -I"C:\Users\V_PREETHAM_KASHYAP\workspace\Uart_Echo\Libraries\STM32F4xx_StdPeriph_Driver\inc" -include"C:\Users\V_PREETHAM_KASHYAP\workspace\Uart_Echo\stm32f4xx_conf.h" -std=gnu11 -MMD -MP -MF"Libraries/STM32F4xx_StdPeriph_Driver/src/stm32f4xx_dsi.d" -MT"Libraries/STM32F4xx_StdPeriph_Driver/src/stm32f4xx_dsi.o" -c -o "Libraries/STM32F4xx_StdPeriph_Driver/src/stm32f4xx_dsi.o" "../Libraries/STM32F4xx_StdPeriph_Driver/src/stm32f4xx_dsi.c"
Finished building: ../Libraries/STM32F4xx_StdPeriph_Driver/src/stm32f4xx_dsi.c
 
Building file: ../Libraries/STM32F4xx_StdPeriph_Driver/src/stm32f4xx_exti.c
Invoking: Cross ARM GNU C Compiler
arm-none-eabi-gcc -mcpu=cortex-m3 -mthumb -O0 -fmessage-length=0 -fsigned-char -ffunction-sections -fdata-sections  -g3 -DUSE_STDPERIPH_DRIVER -I"C:\Users\V_PREETHAM_KASHYAP\workspace\Uart_Echo\Libraries\CMSIS\Include" -I"C:\Users\V_PREETHAM_KASHYAP\workspace\Uart_Echo\Libraries\CMSIS\Device\ST\STM32F4xx\Include" -I"C:\Users\V_PREETHAM_KASHYAP\workspace\Uart_Echo\Libraries\STM32F4xx_StdPeriph_Driver\inc" -include"C:\Users\V_PREETHAM_KASHYAP\workspace\Uart_Echo\stm32f4xx_conf.h" -std=gnu11 -MMD -MP -MF"Libraries/STM32F4xx_StdPeriph_Driver/src/stm32f4xx_exti.d" -MT"Libraries/STM32F4xx_StdPeriph_Driver/src/stm32f4xx_exti.o" -c -o "Libraries/STM32F4xx_StdPeriph_Driver/src/stm32f4xx_exti.o" "../Libraries/STM32F4xx_StdPeriph_Driver/src/stm32f4xx_exti.c"
Finished building: ../Libraries/STM32F4xx_StdPeriph_Driver/src/stm32f4xx_exti.c
 
Building file: ../Libraries/STM32F4xx_StdPeriph_Driver/src/stm32f4xx_flash.c
Invoking: Cross ARM GNU C Compiler
arm-none-eabi-gcc -mcpu=cortex-m3 -mthumb -O0 -fmessage-length=0 -fsigned-char -ffunction-sections -fdata-sections  -g3 -DUSE_STDPERIPH_DRIVER -I"C:\Users\V_PREETHAM_KASHYAP\workspace\Uart_Echo\Libraries\CMSIS\Include" -I"C:\Users\V_PREETHAM_KASHYAP\workspace\Uart_Echo\Libraries\CMSIS\Device\ST\STM32F4xx\Include" -I"C:\Users\V_PREETHAM_KASHYAP\workspace\Uart_Echo\Libraries\STM32F4xx_StdPeriph_Driver\inc" -include"C:\Users\V_PREETHAM_KASHYAP\workspace\Uart_Echo\stm32f4xx_conf.h" -std=gnu11 -MMD -MP -MF"Libraries/STM32F4xx_StdPeriph_Driver/src/stm32f4xx_flash.d" -MT"Libraries/STM32F4xx_StdPeriph_Driver/src/stm32f4xx_flash.o" -c -o "Libraries/STM32F4xx_StdPeriph_Driver/src/stm32f4xx_flash.o" "../Libraries/STM32F4xx_StdPeriph_Driver/src/stm32f4xx_flash.c"
Finished building: ../Libraries/STM32F4xx_StdPeriph_Driver/src/stm32f4xx_flash.c
 
Building file: ../Libraries/STM32F4xx_StdPeriph_Driver/src/stm32f4xx_flash_ramfunc.c
Invoking: Cross ARM GNU C Compiler
arm-none-eabi-gcc -mcpu=cortex-m3 -mthumb -O0 -fmessage-length=0 -fsigned-char -ffunction-sections -fdata-sections  -g3 -DUSE_STDPERIPH_DRIVER -I"C:\Users\V_PREETHAM_KASHYAP\workspace\Uart_Echo\Libraries\CMSIS\Include" -I"C:\Users\V_PREETHAM_KASHYAP\workspace\Uart_Echo\Libraries\CMSIS\Device\ST\STM32F4xx\Include" -I"C:\Users\V_PREETHAM_KASHYAP\workspace\Uart_Echo\Libraries\STM32F4xx_StdPeriph_Driver\inc" -include"C:\Users\V_PREETHAM_KASHYAP\workspace\Uart_Echo\stm32f4xx_conf.h" -std=gnu11 -MMD -MP -MF"Libraries/STM32F4xx_StdPeriph_Driver/src/stm32f4xx_flash_ramfunc.d" -MT"Libraries/STM32F4xx_StdPeriph_Driver/src/stm32f4xx_flash_ramfunc.o" -c -o "Libraries/STM32F4xx_StdPeriph_Driver/src/stm32f4xx_flash_ramfunc.o" "../Libraries/STM32F4xx_StdPeriph_Driver/src/stm32f4xx_flash_ramfunc.c"
Finished building: ../Libraries/STM32F4xx_StdPeriph_Driver/src/stm32f4xx_flash_ramfunc.c
 
Building file: ../Libraries/STM32F4xx_StdPeriph_Driver/src/stm32f4xx_fmpi2c.c
Invoking: Cross ARM GNU C Compiler
arm-none-eabi-gcc -mcpu=cortex-m3 -mthumb -O0 -fmessage-length=0 -fsigned-char -ffunction-sections -fdata-sections  -g3 -DUSE_STDPERIPH_DRIVER -I"C:\Users\V_PREETHAM_KASHYAP\workspace\Uart_Echo\Libraries\CMSIS\Include" -I"C:\Users\V_PREETHAM_KASHYAP\workspace\Uart_Echo\Libraries\CMSIS\Device\ST\STM32F4xx\Include" -I"C:\Users\V_PREETHAM_KASHYAP\workspace\Uart_Echo\Libraries\STM32F4xx_StdPeriph_Driver\inc" -include"C:\Users\V_PREETHAM_KASHYAP\workspace\Uart_Echo\stm32f4xx_conf.h" -std=gnu11 -MMD -MP -MF"Libraries/STM32F4xx_StdPeriph_Driver/src/stm32f4xx_fmpi2c.d" -MT"Libraries/STM32F4xx_StdPeriph_Driver/src/stm32f4xx_fmpi2c.o" -c -o "Libraries/STM32F4xx_StdPeriph_Driver/src/stm32f4xx_fmpi2c.o" "../Libraries/STM32F4xx_StdPeriph_Driver/src/stm32f4xx_fmpi2c.c"
Finished building: ../Libraries/STM32F4xx_StdPeriph_Driver/src/stm32f4xx_fmpi2c.c
 
Building file: ../Libraries/STM32F4xx_StdPeriph_Driver/src/stm32f4xx_fsmc.c
Invoking: Cross ARM GNU C Compiler
arm-none-eabi-gcc -mcpu=cortex-m3 -mthumb -O0 -fmessage-length=0 -fsigned-char -ffunction-sections -fdata-sections  -g3 -DUSE_STDPERIPH_DRIVER -I"C:\Users\V_PREETHAM_KASHYAP\workspace\Uart_Echo\Libraries\CMSIS\Include" -I"C:\Users\V_PREETHAM_KASHYAP\workspace\Uart_Echo\Libraries\CMSIS\Device\ST\STM32F4xx\Include" -I"C:\Users\V_PREETHAM_KASHYAP\workspace\Uart_Echo\Libraries\STM32F4xx_StdPeriph_Driver\inc" -include"C:\Users\V_PREETHAM_KASHYAP\workspace\Uart_Echo\stm32f4xx_conf.h" -std=gnu11 -MMD -MP -MF"Libraries/STM32F4xx_StdPeriph_Driver/src/stm32f4xx_fsmc.d" -MT"Libraries/STM32F4xx_StdPeriph_Driver/src/stm32f4xx_fsmc.o" -c -o "Libraries/STM32F4xx_StdPeriph_Driver/src/stm32f4xx_fsmc.o" "../Libraries/STM32F4xx_StdPeriph_Driver/src/stm32f4xx_fsmc.c"
Finished building: ../Libraries/STM32F4xx_StdPeriph_Driver/src/stm32f4xx_fsmc.c
 
Building file: ../Libraries/STM32F4xx_StdPeriph_Driver/src/stm32f4xx_gpio.c
Invoking: Cross ARM GNU C Compiler
arm-none-eabi-gcc -mcpu=cortex-m3 -mthumb -O0 -fmessage-length=0 -fsigned-char -ffunction-sections -fdata-sections  -g3 -DUSE_STDPERIPH_DRIVER -I"C:\Users\V_PREETHAM_KASHYAP\workspace\Uart_Echo\Libraries\CMSIS\Include" -I"C:\Users\V_PREETHAM_KASHYAP\workspace\Uart_Echo\Libraries\CMSIS\Device\ST\STM32F4xx\Include" -I"C:\Users\V_PREETHAM_KASHYAP\workspace\Uart_Echo\Libraries\STM32F4xx_StdPeriph_Driver\inc" -include"C:\Users\V_PREETHAM_KASHYAP\workspace\Uart_Echo\stm32f4xx_conf.h" -std=gnu11 -MMD -MP -MF"Libraries/STM32F4xx_StdPeriph_Driver/src/stm32f4xx_gpio.d" -MT"Libraries/STM32F4xx_StdPeriph_Driver/src/stm32f4xx_gpio.o" -c -o "Libraries/STM32F4xx_StdPeriph_Driver/src/stm32f4xx_gpio.o" "../Libraries/STM32F4xx_StdPeriph_Driver/src/stm32f4xx_gpio.c"
Finished building: ../Libraries/STM32F4xx_StdPeriph_Driver/src/stm32f4xx_gpio.c
 
Building file: ../Libraries/STM32F4xx_StdPeriph_Driver/src/stm32f4xx_hash.c
Invoking: Cross ARM GNU C Compiler
arm-none-eabi-gcc -mcpu=cortex-m3 -mthumb -O0 -fmessage-length=0 -fsigned-char -ffunction-sections -fdata-sections  -g3 -DUSE_STDPERIPH_DRIVER -I"C:\Users\V_PREETHAM_KASHYAP\workspace\Uart_Echo\Libraries\CMSIS\Include" -I"C:\Users\V_PREETHAM_KASHYAP\workspace\Uart_Echo\Libraries\CMSIS\Device\ST\STM32F4xx\Include" -I"C:\Users\V_PREETHAM_KASHYAP\workspace\Uart_Echo\Libraries\STM32F4xx_StdPeriph_Driver\inc" -include"C:\Users\V_PREETHAM_KASHYAP\workspace\Uart_Echo\stm32f4xx_conf.h" -std=gnu11 -MMD -MP -MF"Libraries/STM32F4xx_StdPeriph_Driver/src/stm32f4xx_hash.d" -MT"Libraries/STM32F4xx_StdPeriph_Driver/src/stm32f4xx_hash.o" -c -o "Libraries/STM32F4xx_StdPeriph_Driver/src/stm32f4xx_hash.o" "../Libraries/STM32F4xx_StdPeriph_Driver/src/stm32f4xx_hash.c"
Finished building: ../Libraries/STM32F4xx_StdPeriph_Driver/src/stm32f4xx_hash.c
 
Building file: ../Libraries/STM32F4xx_StdPeriph_Driver/src/stm32f4xx_hash_md5.c
Invoking: Cross ARM GNU C Compiler
arm-none-eabi-gcc -mcpu=cortex-m3 -mthumb -O0 -fmessage-length=0 -fsigned-char -ffunction-sections -fdata-sections  -g3 -DUSE_STDPERIPH_DRIVER -I"C:\Users\V_PREETHAM_KASHYAP\workspace\Uart_Echo\Libraries\CMSIS\Include" -I"C:\Users\V_PREETHAM_KASHYAP\workspace\Uart_Echo\Libraries\CMSIS\Device\ST\STM32F4xx\Include" -I"C:\Users\V_PREETHAM_KASHYAP\workspace\Uart_Echo\Libraries\STM32F4xx_StdPeriph_Driver\inc" -include"C:\Users\V_PREETHAM_KASHYAP\workspace\Uart_Echo\stm32f4xx_conf.h" -std=gnu11 -MMD -MP -MF"Libraries/STM32F4xx_StdPeriph_Driver/src/stm32f4xx_hash_md5.d" -MT"Libraries/STM32F4xx_StdPeriph_Driver/src/stm32f4xx_hash_md5.o" -c -o "Libraries/STM32F4xx_StdPeriph_Driver/src/stm32f4xx_hash_md5.o" "../Libraries/STM32F4xx_StdPeriph_Driver/src/stm32f4xx_hash_md5.c"
Finished building: ../Libraries/STM32F4xx_StdPeriph_Driver/src/stm32f4xx_hash_md5.c
 
Building file: ../Libraries/STM32F4xx_StdPeriph_Driver/src/stm32f4xx_hash_sha1.c
Invoking: Cross ARM GNU C Compiler
arm-none-eabi-gcc -mcpu=cortex-m3 -mthumb -O0 -fmessage-length=0 -fsigned-char -ffunction-sections -fdata-sections  -g3 -DUSE_STDPERIPH_DRIVER -I"C:\Users\V_PREETHAM_KASHYAP\workspace\Uart_Echo\Libraries\CMSIS\Include" -I"C:\Users\V_PREETHAM_KASHYAP\workspace\Uart_Echo\Libraries\CMSIS\Device\ST\STM32F4xx\Include" -I"C:\Users\V_PREETHAM_KASHYAP\workspace\Uart_Echo\Libraries\STM32F4xx_StdPeriph_Driver\inc" -include"C:\Users\V_PREETHAM_KASHYAP\workspace\Uart_Echo\stm32f4xx_conf.h" -std=gnu11 -MMD -MP -MF"Libraries/STM32F4xx_StdPeriph_Driver/src/stm32f4xx_hash_sha1.d" -MT"Libraries/STM32F4xx_StdPeriph_Driver/src/stm32f4xx_hash_sha1.o" -c -o "Libraries/STM32F4xx_StdPeriph_Driver/src/stm32f4xx_hash_sha1.o" "../Libraries/STM32F4xx_StdPeriph_Driver/src/stm32f4xx_hash_sha1.c"
Finished building: ../Libraries/STM32F4xx_StdPeriph_Driver/src/stm32f4xx_hash_sha1.c
 
Building file: ../Libraries/STM32F4xx_StdPeriph_Driver/src/stm32f4xx_i2c.c
Invoking: Cross ARM GNU C Compiler
arm-none-eabi-gcc -mcpu=cortex-m3 -mthumb -O0 -fmessage-length=0 -fsigned-char -ffunction-sections -fdata-sections  -g3 -DUSE_STDPERIPH_DRIVER -I"C:\Users\V_PREETHAM_KASHYAP\workspace\Uart_Echo\Libraries\CMSIS\Include" -I"C:\Users\V_PREETHAM_KASHYAP\workspace\Uart_Echo\Libraries\CMSIS\Device\ST\STM32F4xx\Include" -I"C:\Users\V_PREETHAM_KASHYAP\workspace\Uart_Echo\Libraries\STM32F4xx_StdPeriph_Driver\inc" -include"C:\Users\V_PREETHAM_KASHYAP\workspace\Uart_Echo\stm32f4xx_conf.h" -std=gnu11 -MMD -MP -MF"Libraries/STM32F4xx_StdPeriph_Driver/src/stm32f4xx_i2c.d" -MT"Libraries/STM32F4xx_StdPeriph_Driver/src/stm32f4xx_i2c.o" -c -o "Libraries/STM32F4xx_StdPeriph_Driver/src/stm32f4xx_i2c.o" "../Libraries/STM32F4xx_StdPeriph_Driver/src/stm32f4xx_i2c.c"
Finished building: ../Libraries/STM32F4xx_StdPeriph_Driver/src/stm32f4xx_i2c.c
 
Building file: ../Libraries/STM32F4xx_StdPeriph_Driver/src/stm32f4xx_iwdg.c
Invoking: Cross ARM GNU C Compiler
arm-none-eabi-gcc -mcpu=cortex-m3 -mthumb -O0 -fmessage-length=0 -fsigned-char -ffunction-sections -fdata-sections  -g3 -DUSE_STDPERIPH_DRIVER -I"C:\Users\V_PREETHAM_KASHYAP\workspace\Uart_Echo\Libraries\CMSIS\Include" -I"C:\Users\V_PREETHAM_KASHYAP\workspace\Uart_Echo\Libraries\CMSIS\Device\ST\STM32F4xx\Include" -I"C:\Users\V_PREETHAM_KASHYAP\workspace\Uart_Echo\Libraries\STM32F4xx_StdPeriph_Driver\inc" -include"C:\Users\V_PREETHAM_KASHYAP\workspace\Uart_Echo\stm32f4xx_conf.h" -std=gnu11 -MMD -MP -MF"Libraries/STM32F4xx_StdPeriph_Driver/src/stm32f4xx_iwdg.d" -MT"Libraries/STM32F4xx_StdPeriph_Driver/src/stm32f4xx_iwdg.o" -c -o "Libraries/STM32F4xx_StdPeriph_Driver/src/stm32f4xx_iwdg.o" "../Libraries/STM32F4xx_StdPeriph_Driver/src/stm32f4xx_iwdg.c"
Finished building: ../Libraries/STM32F4xx_StdPeriph_Driver/src/stm32f4xx_iwdg.c
 
Building file: ../Libraries/STM32F4xx_StdPeriph_Driver/src/stm32f4xx_lptim.c
Invoking: Cross ARM GNU C Compiler
arm-none-eabi-gcc -mcpu=cortex-m3 -mthumb -O0 -fmessage-length=0 -fsigned-char -ffunction-sections -fdata-sections  -g3 -DUSE_STDPERIPH_DRIVER -I"C:\Users\V_PREETHAM_KASHYAP\workspace\Uart_Echo\Libraries\CMSIS\Include" -I"C:\Users\V_PREETHAM_KASHYAP\workspace\Uart_Echo\Libraries\CMSIS\Device\ST\STM32F4xx\Include" -I"C:\Users\V_PREETHAM_KASHYAP\workspace\Uart_Echo\Libraries\STM32F4xx_StdPeriph_Driver\inc" -include"C:\Users\V_PREETHAM_KASHYAP\workspace\Uart_Echo\stm32f4xx_conf.h" -std=gnu11 -MMD -MP -MF"Libraries/STM32F4xx_StdPeriph_Driver/src/stm32f4xx_lptim.d" -MT"Libraries/STM32F4xx_StdPeriph_Driver/src/stm32f4xx_lptim.o" -c -o "Libraries/STM32F4xx_StdPeriph_Driver/src/stm32f4xx_lptim.o" "../Libraries/STM32F4xx_StdPeriph_Driver/src/stm32f4xx_lptim.c"
Finished building: ../Libraries/STM32F4xx_StdPeriph_Driver/src/stm32f4xx_lptim.c
 
Building file: ../Libraries/STM32F4xx_StdPeriph_Driver/src/stm32f4xx_ltdc.c
Invoking: Cross ARM GNU C Compiler
arm-none-eabi-gcc -mcpu=cortex-m3 -mthumb -O0 -fmessage-length=0 -fsigned-char -ffunction-sections -fdata-sections  -g3 -DUSE_STDPERIPH_DRIVER -I"C:\Users\V_PREETHAM_KASHYAP\workspace\Uart_Echo\Libraries\CMSIS\Include" -I"C:\Users\V_PREETHAM_KASHYAP\workspace\Uart_Echo\Libraries\CMSIS\Device\ST\STM32F4xx\Include" -I"C:\Users\V_PREETHAM_KASHYAP\workspace\Uart_Echo\Libraries\STM32F4xx_StdPeriph_Driver\inc" -include"C:\Users\V_PREETHAM_KASHYAP\workspace\Uart_Echo\stm32f4xx_conf.h" -std=gnu11 -MMD -MP -MF"Libraries/STM32F4xx_StdPeriph_Driver/src/stm32f4xx_ltdc.d" -MT"Libraries/STM32F4xx_StdPeriph_Driver/src/stm32f4xx_ltdc.o" -c -o "Libraries/STM32F4xx_StdPeriph_Driver/src/stm32f4xx_ltdc.o" "../Libraries/STM32F4xx_StdPeriph_Driver/src/stm32f4xx_ltdc.c"
Finished building: ../Libraries/STM32F4xx_StdPeriph_Driver/src/stm32f4xx_ltdc.c
 
Building file: ../Libraries/STM32F4xx_StdPeriph_Driver/src/stm32f4xx_pwr.c
Invoking: Cross ARM GNU C Compiler
arm-none-eabi-gcc -mcpu=cortex-m3 -mthumb -O0 -fmessage-length=0 -fsigned-char -ffunction-sections -fdata-sections  -g3 -DUSE_STDPERIPH_DRIVER -I"C:\Users\V_PREETHAM_KASHYAP\workspace\Uart_Echo\Libraries\CMSIS\Include" -I"C:\Users\V_PREETHAM_KASHYAP\workspace\Uart_Echo\Libraries\CMSIS\Device\ST\STM32F4xx\Include" -I"C:\Users\V_PREETHAM_KASHYAP\workspace\Uart_Echo\Libraries\STM32F4xx_StdPeriph_Driver\inc" -include"C:\Users\V_PREETHAM_KASHYAP\workspace\Uart_Echo\stm32f4xx_conf.h" -std=gnu11 -MMD -MP -MF"Libraries/STM32F4xx_StdPeriph_Driver/src/stm32f4xx_pwr.d" -MT"Libraries/STM32F4xx_StdPeriph_Driver/src/stm32f4xx_pwr.o" -c -o "Libraries/STM32F4xx_StdPeriph_Driver/src/stm32f4xx_pwr.o" "../Libraries/STM32F4xx_StdPeriph_Driver/src/stm32f4xx_pwr.c"
Finished building: ../Libraries/STM32F4xx_StdPeriph_Driver/src/stm32f4xx_pwr.c
 
Building file: ../Libraries/STM32F4xx_StdPeriph_Driver/src/stm32f4xx_qspi.c
Invoking: Cross ARM GNU C Compiler
arm-none-eabi-gcc -mcpu=cortex-m3 -mthumb -O0 -fmessage-length=0 -fsigned-char -ffunction-sections -fdata-sections  -g3 -DUSE_STDPERIPH_DRIVER -I"C:\Users\V_PREETHAM_KASHYAP\workspace\Uart_Echo\Libraries\CMSIS\Include" -I"C:\Users\V_PREETHAM_KASHYAP\workspace\Uart_Echo\Libraries\CMSIS\Device\ST\STM32F4xx\Include" -I"C:\Users\V_PREETHAM_KASHYAP\workspace\Uart_Echo\Libraries\STM32F4xx_StdPeriph_Driver\inc" -include"C:\Users\V_PREETHAM_KASHYAP\workspace\Uart_Echo\stm32f4xx_conf.h" -std=gnu11 -MMD -MP -MF"Libraries/STM32F4xx_StdPeriph_Driver/src/stm32f4xx_qspi.d" -MT"Libraries/STM32F4xx_StdPeriph_Driver/src/stm32f4xx_qspi.o" -c -o "Libraries/STM32F4xx_StdPeriph_Driver/src/stm32f4xx_qspi.o" "../Libraries/STM32F4xx_StdPeriph_Driver/src/stm32f4xx_qspi.c"
Finished building: ../Libraries/STM32F4xx_StdPeriph_Driver/src/stm32f4xx_qspi.c
 
Building file: ../Libraries/STM32F4xx_StdPeriph_Driver/src/stm32f4xx_rcc.c
Invoking: Cross ARM GNU C Compiler
arm-none-eabi-gcc -mcpu=cortex-m3 -mthumb -O0 -fmessage-length=0 -fsigned-char -ffunction-sections -fdata-sections  -g3 -DUSE_STDPERIPH_DRIVER -I"C:\Users\V_PREETHAM_KASHYAP\workspace\Uart_Echo\Libraries\CMSIS\Include" -I"C:\Users\V_PREETHAM_KASHYAP\workspace\Uart_Echo\Libraries\CMSIS\Device\ST\STM32F4xx\Include" -I"C:\Users\V_PREETHAM_KASHYAP\workspace\Uart_Echo\Libraries\STM32F4xx_StdPeriph_Driver\inc" -include"C:\Users\V_PREETHAM_KASHYAP\workspace\Uart_Echo\stm32f4xx_conf.h" -std=gnu11 -MMD -MP -MF"Libraries/STM32F4xx_StdPeriph_Driver/src/stm32f4xx_rcc.d" -MT"Libraries/STM32F4xx_StdPeriph_Driver/src/stm32f4xx_rcc.o" -c -o "Libraries/STM32F4xx_StdPeriph_Driver/src/stm32f4xx_rcc.o" "../Libraries/STM32F4xx_StdPeriph_Driver/src/stm32f4xx_rcc.c"
Finished building: ../Libraries/STM32F4xx_StdPeriph_Driver/src/stm32f4xx_rcc.c
 
Building file: ../Libraries/STM32F4xx_StdPeriph_Driver/src/stm32f4xx_rng.c
Invoking: Cross ARM GNU C Compiler
arm-none-eabi-gcc -mcpu=cortex-m3 -mthumb -O0 -fmessage-length=0 -fsigned-char -ffunction-sections -fdata-sections  -g3 -DUSE_STDPERIPH_DRIVER -I"C:\Users\V_PREETHAM_KASHYAP\workspace\Uart_Echo\Libraries\CMSIS\Include" -I"C:\Users\V_PREETHAM_KASHYAP\workspace\Uart_Echo\Libraries\CMSIS\Device\ST\STM32F4xx\Include" -I"C:\Users\V_PREETHAM_KASHYAP\workspace\Uart_Echo\Libraries\STM32F4xx_StdPeriph_Driver\inc" -include"C:\Users\V_PREETHAM_KASHYAP\workspace\Uart_Echo\stm32f4xx_conf.h" -std=gnu11 -MMD -MP -MF"Libraries/STM32F4xx_StdPeriph_Driver/src/stm32f4xx_rng.d" -MT"Libraries/STM32F4xx_StdPeriph_Driver/src/stm32f4xx_rng.o" -c -o "Libraries/STM32F4xx_StdPeriph_Driver/src/stm32f4xx_rng.o" "../Libraries/STM32F4xx_StdPeriph_Driver/src/stm32f4xx_rng.c"
Finished building: ../Libraries/STM32F4xx_StdPeriph_Driver/src/stm32f4xx_rng.c
 
Building file: ../Libraries/STM32F4xx_StdPeriph_Driver/src/stm32f4xx_rtc.c
Invoking: Cross ARM GNU C Compiler
arm-none-eabi-gcc -mcpu=cortex-m3 -mthumb -O0 -fmessage-length=0 -fsigned-char -ffunction-sections -fdata-sections  -g3 -DUSE_STDPERIPH_DRIVER -I"C:\Users\V_PREETHAM_KASHYAP\workspace\Uart_Echo\Libraries\CMSIS\Include" -I"C:\Users\V_PREETHAM_KASHYAP\workspace\Uart_Echo\Libraries\CMSIS\Device\ST\STM32F4xx\Include" -I"C:\Users\V_PREETHAM_KASHYAP\workspace\Uart_Echo\Libraries\STM32F4xx_StdPeriph_Driver\inc" -include"C:\Users\V_PREETHAM_KASHYAP\workspace\Uart_Echo\stm32f4xx_conf.h" -std=gnu11 -MMD -MP -MF"Libraries/STM32F4xx_StdPeriph_Driver/src/stm32f4xx_rtc.d" -MT"Libraries/STM32F4xx_StdPeriph_Driver/src/stm32f4xx_rtc.o" -c -o "Libraries/STM32F4xx_StdPeriph_Driver/src/stm32f4xx_rtc.o" "../Libraries/STM32F4xx_StdPeriph_Driver/src/stm32f4xx_rtc.c"
Finished building: ../Libraries/STM32F4xx_StdPeriph_Driver/src/stm32f4xx_rtc.c
 
Building file: ../Libraries/STM32F4xx_StdPeriph_Driver/src/stm32f4xx_sai.c
Invoking: Cross ARM GNU C Compiler
arm-none-eabi-gcc -mcpu=cortex-m3 -mthumb -O0 -fmessage-length=0 -fsigned-char -ffunction-sections -fdata-sections  -g3 -DUSE_STDPERIPH_DRIVER -I"C:\Users\V_PREETHAM_KASHYAP\workspace\Uart_Echo\Libraries\CMSIS\Include" -I"C:\Users\V_PREETHAM_KASHYAP\workspace\Uart_Echo\Libraries\CMSIS\Device\ST\STM32F4xx\Include" -I"C:\Users\V_PREETHAM_KASHYAP\workspace\Uart_Echo\Libraries\STM32F4xx_StdPeriph_Driver\inc" -include"C:\Users\V_PREETHAM_KASHYAP\workspace\Uart_Echo\stm32f4xx_conf.h" -std=gnu11 -MMD -MP -MF"Libraries/STM32F4xx_StdPeriph_Driver/src/stm32f4xx_sai.d" -MT"Libraries/STM32F4xx_StdPeriph_Driver/src/stm32f4xx_sai.o" -c -o "Libraries/STM32F4xx_StdPeriph_Driver/src/stm32f4xx_sai.o" "../Libraries/STM32F4xx_StdPeriph_Driver/src/stm32f4xx_sai.c"
Finished building: ../Libraries/STM32F4xx_StdPeriph_Driver/src/stm32f4xx_sai.c
 
Building file: ../Libraries/STM32F4xx_StdPeriph_Driver/src/stm32f4xx_sdio.c
Invoking: Cross ARM GNU C Compiler
arm-none-eabi-gcc -mcpu=cortex-m3 -mthumb -O0 -fmessage-length=0 -fsigned-char -ffunction-sections -fdata-sections  -g3 -DUSE_STDPERIPH_DRIVER -I"C:\Users\V_PREETHAM_KASHYAP\workspace\Uart_Echo\Libraries\CMSIS\Include" -I"C:\Users\V_PREETHAM_KASHYAP\workspace\Uart_Echo\Libraries\CMSIS\Device\ST\STM32F4xx\Include" -I"C:\Users\V_PREETHAM_KASHYAP\workspace\Uart_Echo\Libraries\STM32F4xx_StdPeriph_Driver\inc" -include"C:\Users\V_PREETHAM_KASHYAP\workspace\Uart_Echo\stm32f4xx_conf.h" -std=gnu11 -MMD -MP -MF"Libraries/STM32F4xx_StdPeriph_Driver/src/stm32f4xx_sdio.d" -MT"Libraries/STM32F4xx_StdPeriph_Driver/src/stm32f4xx_sdio.o" -c -o "Libraries/STM32F4xx_StdPeriph_Driver/src/stm32f4xx_sdio.o" "../Libraries/STM32F4xx_StdPeriph_Driver/src/stm32f4xx_sdio.c"
Finished building: ../Libraries/STM32F4xx_StdPeriph_Driver/src/stm32f4xx_sdio.c
 
Building file: ../Libraries/STM32F4xx_StdPeriph_Driver/src/stm32f4xx_spdifrx.c
Invoking: Cross ARM GNU C Compiler
arm-none-eabi-gcc -mcpu=cortex-m3 -mthumb -O0 -fmessage-length=0 -fsigned-char -ffunction-sections -fdata-sections  -g3 -DUSE_STDPERIPH_DRIVER -I"C:\Users\V_PREETHAM_KASHYAP\workspace\Uart_Echo\Libraries\CMSIS\Include" -I"C:\Users\V_PREETHAM_KASHYAP\workspace\Uart_Echo\Libraries\CMSIS\Device\ST\STM32F4xx\Include" -I"C:\Users\V_PREETHAM_KASHYAP\workspace\Uart_Echo\Libraries\STM32F4xx_StdPeriph_Driver\inc" -include"C:\Users\V_PREETHAM_KASHYAP\workspace\Uart_Echo\stm32f4xx_conf.h" -std=gnu11 -MMD -MP -MF"Libraries/STM32F4xx_StdPeriph_Driver/src/stm32f4xx_spdifrx.d" -MT"Libraries/STM32F4xx_StdPeriph_Driver/src/stm32f4xx_spdifrx.o" -c -o "Libraries/STM32F4xx_StdPeriph_Driver/src/stm32f4xx_spdifrx.o" "../Libraries/STM32F4xx_StdPeriph_Driver/src/stm32f4xx_spdifrx.c"
Finished building: ../Libraries/STM32F4xx_StdPeriph_Driver/src/stm32f4xx_spdifrx.c
 
Building file: ../Libraries/STM32F4xx_StdPeriph_Driver/src/stm32f4xx_spi.c
Invoking: Cross ARM GNU C Compiler
arm-none-eabi-gcc -mcpu=cortex-m3 -mthumb -O0 -fmessage-length=0 -fsigned-char -ffunction-sections -fdata-sections  -g3 -DUSE_STDPERIPH_DRIVER -I"C:\Users\V_PREETHAM_KASHYAP\workspace\Uart_Echo\Libraries\CMSIS\Include" -I"C:\Users\V_PREETHAM_KASHYAP\workspace\Uart_Echo\Libraries\CMSIS\Device\ST\STM32F4xx\Include" -I"C:\Users\V_PREETHAM_KASHYAP\workspace\Uart_Echo\Libraries\STM32F4xx_StdPeriph_Driver\inc" -include"C:\Users\V_PREETHAM_KASHYAP\workspace\Uart_Echo\stm32f4xx_conf.h" -std=gnu11 -MMD -MP -MF"Libraries/STM32F4xx_StdPeriph_Driver/src/stm32f4xx_spi.d" -MT"Libraries/STM32F4xx_StdPeriph_Driver/src/stm32f4xx_spi.o" -c -o "Libraries/STM32F4xx_StdPeriph_Driver/src/stm32f4xx_spi.o" "../Libraries/STM32F4xx_StdPeriph_Driver/src/stm32f4xx_spi.c"
Finished building: ../Libraries/STM32F4xx_StdPeriph_Driver/src/stm32f4xx_spi.c
 
Building file: ../Libraries/STM32F4xx_StdPeriph_Driver/src/stm32f4xx_syscfg.c
Invoking: Cross ARM GNU C Compiler
arm-none-eabi-gcc -mcpu=cortex-m3 -mthumb -O0 -fmessage-length=0 -fsigned-char -ffunction-sections -fdata-sections  -g3 -DUSE_STDPERIPH_DRIVER -I"C:\Users\V_PREETHAM_KASHYAP\workspace\Uart_Echo\Libraries\CMSIS\Include" -I"C:\Users\V_PREETHAM_KASHYAP\workspace\Uart_Echo\Libraries\CMSIS\Device\ST\STM32F4xx\Include" -I"C:\Users\V_PREETHAM_KASHYAP\workspace\Uart_Echo\Libraries\STM32F4xx_StdPeriph_Driver\inc" -include"C:\Users\V_PREETHAM_KASHYAP\workspace\Uart_Echo\stm32f4xx_conf.h" -std=gnu11 -MMD -MP -MF"Libraries/STM32F4xx_StdPeriph_Driver/src/stm32f4xx_syscfg.d" -MT"Libraries/STM32F4xx_StdPeriph_Driver/src/stm32f4xx_syscfg.o" -c -o "Libraries/STM32F4xx_StdPeriph_Driver/src/stm32f4xx_syscfg.o" "../Libraries/STM32F4xx_StdPeriph_Driver/src/stm32f4xx_syscfg.c"
Finished building: ../Libraries/STM32F4xx_StdPeriph_Driver/src/stm32f4xx_syscfg.c
 
Building file: ../Libraries/STM32F4xx_StdPeriph_Driver/src/stm32f4xx_tim.c
Invoking: Cross ARM GNU C Compiler
arm-none-eabi-gcc -mcpu=cortex-m3 -mthumb -O0 -fmessage-length=0 -fsigned-char -ffunction-sections -fdata-sections  -g3 -DUSE_STDPERIPH_DRIVER -I"C:\Users\V_PREETHAM_KASHYAP\workspace\Uart_Echo\Libraries\CMSIS\Include" -I"C:\Users\V_PREETHAM_KASHYAP\workspace\Uart_Echo\Libraries\CMSIS\Device\ST\STM32F4xx\Include" -I"C:\Users\V_PREETHAM_KASHYAP\workspace\Uart_Echo\Libraries\STM32F4xx_StdPeriph_Driver\inc" -include"C:\Users\V_PREETHAM_KASHYAP\workspace\Uart_Echo\stm32f4xx_conf.h" -std=gnu11 -MMD -MP -MF"Libraries/STM32F4xx_StdPeriph_Driver/src/stm32f4xx_tim.d" -MT"Libraries/STM32F4xx_StdPeriph_Driver/src/stm32f4xx_tim.o" -c -o "Libraries/STM32F4xx_StdPeriph_Driver/src/stm32f4xx_tim.o" "../Libraries/STM32F4xx_StdPeriph_Driver/src/stm32f4xx_tim.c"
Finished building: ../Libraries/STM32F4xx_StdPeriph_Driver/src/stm32f4xx_tim.c
 
Building file: ../Libraries/STM32F4xx_StdPeriph_Driver/src/stm32f4xx_usart.c
Invoking: Cross ARM GNU C Compiler
arm-none-eabi-gcc -mcpu=cortex-m3 -mthumb -O0 -fmessage-length=0 -fsigned-char -ffunction-sections -fdata-sections  -g3 -DUSE_STDPERIPH_DRIVER -I"C:\Users\V_PREETHAM_KASHYAP\workspace\Uart_Echo\Libraries\CMSIS\Include" -I"C:\Users\V_PREETHAM_KASHYAP\workspace\Uart_Echo\Libraries\CMSIS\Device\ST\STM32F4xx\Include" -I"C:\Users\V_PREETHAM_KASHYAP\workspace\Uart_Echo\Libraries\STM32F4xx_StdPeriph_Driver\inc" -include"C:\Users\V_PREETHAM_KASHYAP\workspace\Uart_Echo\stm32f4xx_conf.h" -std=gnu11 -MMD -MP -MF"Libraries/STM32F4xx_StdPeriph_Driver/src/stm32f4xx_usart.d" -MT"Libraries/STM32F4xx_StdPeriph_Driver/src/stm32f4xx_usart.o" -c -o "Libraries/STM32F4xx_StdPeriph_Driver/src/stm32f4xx_usart.o" "../Libraries/STM32F4xx_StdPeriph_Driver/src/stm32f4xx_usart.c"
Finished building: ../Libraries/STM32F4xx_StdPeriph_Driver/src/stm32f4xx_usart.c
 
Building file: ../Libraries/STM32F4xx_StdPeriph_Driver/src/stm32f4xx_wwdg.c
Invoking: Cross ARM GNU C Compiler
arm-none-eabi-gcc -mcpu=cortex-m3 -mthumb -O0 -fmessage-length=0 -fsigned-char -ffunction-sections -fdata-sections  -g3 -DUSE_STDPERIPH_DRIVER -I"C:\Users\V_PREETHAM_KASHYAP\workspace\Uart_Echo\Libraries\CMSIS\Include" -I"C:\Users\V_PREETHAM_KASHYAP\workspace\Uart_Echo\Libraries\CMSIS\Device\ST\STM32F4xx\Include" -I"C:\Users\V_PREETHAM_KASHYAP\workspace\Uart_Echo\Libraries\STM32F4xx_StdPeriph_Driver\inc" -include"C:\Users\V_PREETHAM_KASHYAP\workspace\Uart_Echo\stm32f4xx_conf.h" -std=gnu11 -MMD -MP -MF"Libraries/STM32F4xx_StdPeriph_Driver/src/stm32f4xx_wwdg.d" -MT"Libraries/STM32F4xx_StdPeriph_Driver/src/stm32f4xx_wwdg.o" -c -o "Libraries/STM32F4xx_StdPeriph_Driver/src/stm32f4xx_wwdg.o" "../Libraries/STM32F4xx_StdPeriph_Driver/src/stm32f4xx_wwdg.c"
Finished building: ../Libraries/STM32F4xx_StdPeriph_Driver/src/stm32f4xx_wwdg.c
 
Building file: ../Libraries/CMSIS/Device/ST/STM32F4xx/Source/Templates/TASKING/cstart_thumb2.asm
Invoking: Cross ARM GNU Assembler
arm-none-eabi-gcc -mcpu=cortex-m3 -mthumb -O0 -fmessage-length=0 -fsigned-char -ffunction-sections -fdata-sections  -g3 -x assembler-with-cpp -I"C:\Users\V_PREETHAM_KASHYAP\workspace\Uart_Echo\Libraries\CMSIS\Include" -I"C:\Users\V_PREETHAM_KASHYAP\workspace\Uart_Echo\Libraries\CMSIS\Device\ST\STM32F4xx\Include" -I"C:\Users\V_PREETHAM_KASHYAP\workspace\Uart_Echo\Libraries\STM32F4xx_StdPeriph_Driver\inc" -MMD -MP -MF"Libraries/CMSIS/Device/ST/STM32F4xx/Source/Templates/TASKING/cstart_thumb2.d" -MT"Libraries/CMSIS/Device/ST/STM32F4xx/Source/Templates/TASKING/cstart_thumb2.o" -c -o "Libraries/CMSIS/Device/ST/STM32F4xx/Source/Templates/TASKING/cstart_thumb2.o" "../Libraries/CMSIS/Device/ST/STM32F4xx/Source/Templates/TASKING/cstart_thumb2.asm"
../Libraries/CMSIS/Device/ST/STM32F4xx/Source/Templates/TASKING/cstart_thumb2.asm: Assembler messages:
../Libraries/CMSIS/Device/ST/STM32F4xx/Source/Templates/TASKING/cstart_thumb2.asm:3: Error: bad instruction `to allow the use of this file for both ARMv6M and ARMv7M,'
../Libraries/CMSIS/Device/ST/STM32F4xx/Source/Templates/TASKING/cstart_thumb2.asm:4: Error: bad instruction `we will only use 16-bit Thumb intructions.'
../Libraries/CMSIS/Device/ST/STM32F4xx/Source/Templates/TASKING/cstart_thumb2.asm:6: Error: bad instruction `usr/sys mode stack pointer'
../Libraries/CMSIS/Device/ST/STM32F4xx/Source/Templates/TASKING/cstart_thumb2.asm:7: Error: bad instruction `symbol required by debugger'
../Libraries/CMSIS/Device/ST/STM32F4xx/Source/Templates/TASKING/cstart_thumb2.asm:8: Error: bad instruction `rom to RAM copy table'
../Libraries/CMSIS/Device/ST/STM32F4xx/Source/Templates/TASKING/cstart_thumb2.asm:21: Error: non-constant expression in ".if" statement
../Libraries/CMSIS/Device/ST/STM32F4xx/Source/Templates/TASKING/cstart_thumb2.asm:24: Error: non-constant expression in ".if" statement
../Libraries/CMSIS/Device/ST/STM32F4xx/Source/Templates/TASKING/cstart_thumb2.asm:35: Error: bad instruction `anticipate possible ROM/RAM remapping'
../Libraries/CMSIS/Device/ST/STM32F4xx/Source/Templates/TASKING/cstart_thumb2.asm:36: Error: bad instruction `by loading the 114eal32program address'
../Libraries/CMSIS/Device/ST/STM32F4xx/Source/Templates/TASKING/cstart_thumb2.asm:40: Error: bad instruction `initialize the stack pointer'
../Libraries/CMSIS/Device/ST/STM32F4xx/Source/Templates/TASKING/cstart_thumb2.asm:41: Error: bad instruction `make this part of the vector table'
../Libraries/CMSIS/Device/ST/STM32F4xx/Source/Templates/TASKING/cstart_thumb2.asm:44: Error: bad instruction `call the clock system intitialization function.'
../Libraries/CMSIS/Device/ST/STM32F4xx/Source/Templates/TASKING/cstart_thumb2.asm:47: Error: bad instruction `copy initialized sections from ROM to RAM'
../Libraries/CMSIS/Device/ST/STM32F4xx/Source/Templates/TASKING/cstart_thumb2.asm:48: Error: ARM register expected -- `and clear uninitialized data sections in RAM'
../Libraries/CMSIS/Device/ST/STM32F4xx/Source/Templates/TASKING/cstart_thumb2.asm:53: Error: bad instruction `load type'
../Libraries/CMSIS/Device/ST/STM32F4xx/Source/Templates/TASKING/cstart_thumb2.asm:54: Error: bad instruction `dst address'
../Libraries/CMSIS/Device/ST/STM32F4xx/Source/Templates/TASKING/cstart_thumb2.asm:55: Error: bad instruction `src address'
../Libraries/CMSIS/Device/ST/STM32F4xx/Source/Templates/TASKING/cstart_thumb2.asm:56: Error: bad instruction `size'
../Libraries/CMSIS/Device/ST/STM32F4xx/Source/Templates/TASKING/cstart_thumb2.asm:65: Error: instruction not supported in Thumb16 mode -- `subs r7,r7,#1'
../Libraries/CMSIS/Device/ST/STM32F4xx/Source/Templates/TASKING/cstart_thumb2.asm:70: Error: instruction not supported in Thumb16 mode -- `adds r3,r3,#16'
../Libraries/CMSIS/Device/ST/STM32F4xx/Source/Templates/TASKING/cstart_thumb2.asm:74: Error: instruction not supported in Thumb16 mode -- `subs r7,r7,#1'
../Libraries/CMSIS/Device/ST/STM32F4xx/Source/Templates/TASKING/cstart_thumb2.asm:78: Error: instruction not supported in Thumb16 mode -- `adds r3,r3,#16'
../Libraries/CMSIS/Device/ST/STM32F4xx/Source/Templates/TASKING/cstart_thumb2.asm:84: Error: non-constant expression in ".if" statement
../Libraries/CMSIS/Device/ST/STM32F4xx/Source/Templates/TASKING/cstart_thumb2.asm:93: Error: bad instruction `load r10 with end of USR/SYS stack,which is'
../Libraries/CMSIS/Device/ST/STM32F4xx/Source/Templates/TASKING/cstart_thumb2.asm:94: Error: bad instruction `needed in case stack overflow checking is on'
../Libraries/CMSIS/Device/ST/STM32F4xx/Source/Templates/TASKING/cstart_thumb2.asm:95: Error: symbol `NOTE' is already defined
../Libraries/CMSIS/Device/ST/STM32F4xx/Source/Templates/TASKING/cstart_thumb2.asm:95: Error: bad instruction `use 16-bit instructions only,for ARMv6M'
../Libraries/CMSIS/Device/ST/STM32F4xx/Source/Templates/TASKING/cstart_thumb2.asm:101: Error: non-constant expression in ".if" statement
../Libraries/CMSIS/Device/ST/STM32F4xx/Source/Templates/TASKING/cstart_thumb2.asm:105: Error: non-constant expression in ".if" statement
../Libraries/CMSIS/Device/ST/STM32F4xx/Source/Templates/TASKING/cstart_thumb2.asm:109: Error: bad instruction `retrieve argc and argv(default argv[0]==NULL&argc==0)'
../Libraries/CMSIS/Device/ST/STM32F4xx/Source/Templates/TASKING/cstart_thumb2.asm:112: Error: bad instruction `call main'
../Libraries/CMSIS/Device/ST/STM32F4xx/Source/Templates/TASKING/cstart_thumb2.asm:116: Error: bad instruction `call exit using the return value from main()'
../Libraries/CMSIS/Device/ST/STM32F4xx/Source/Templates/TASKING/cstart_thumb2.asm:117: Error: unexpected character ` ' in type specifier
../Libraries/CMSIS/Device/ST/STM32F4xx/Source/Templates/TASKING/cstart_thumb2.asm:117: Error: bad instruction `note. Calling exit will also run all functions'
../Libraries/CMSIS/Device/ST/STM32F4xx/Source/Templates/TASKING/cstart_thumb2.asm:118: Error: bad instruction `that were supplied through atexit().'
../Libraries/CMSIS/Device/ST/STM32F4xx/Source/Templates/TASKING/cstart_thumb2.asm:121: Error: bad instruction `weak definition'
../Libraries/CMSIS/Device/ST/STM32F4xx/Source/Templates/TASKING/cstart_thumb2.asm:126: Error: unknown pseudo-op: `.endsec'
../Libraries/CMSIS/Device/ST/STM32F4xx/Source/Templates/TASKING/cstart_thumb2.asm:128: Error: unknown pseudo-op: `.calls'
../Libraries/CMSIS/Device/ST/STM32F4xx/Source/Templates/TASKING/cstart_thumb2.asm:129: Error: unknown pseudo-op: `.calls'
../Libraries/CMSIS/Device/ST/STM32F4xx/Source/Templates/TASKING/cstart_thumb2.asm:130: Error: non-constant expression in ".if" statement
C:\Users\V_PREE~1\AppData\Local\Temp\ccKdOasR.s: Error: end of file inside conditional
../Libraries/CMSIS/Device/ST/STM32F4xx/Source/Templates/TASKING/cstart_thumb2.asm:130: Error: here is the start of the unterminated conditional
Libraries/CMSIS/Device/ST/STM32F4xx/Source/Templates/TASKING/subdir.mk:18: recipe for target 'Libraries/CMSIS/Device/ST/STM32F4xx/Source/Templates/TASKING/cstart_thumb2.o' failed
make: *** [Libraries/CMSIS/Device/ST/STM32F4xx/Source/Templates/TASKING/cstart_thumb2.o] Error 1

23:43:31 Build Finished (took 1m:34s.977ms)

